0 info it worked if it ends with ok
1 verbose cli [ 'node', '/usr/local/bin/npm', 'install', '-g', 'eslint@latest' ]
2 info using npm@1.4.28
3 info using node@v0.10.36
4 verbose cache add [ 'eslint@latest', null ]
5 verbose cache add name=undefined spec="eslint@latest" args=["eslint@latest",null]
6 verbose parsed url { protocol: null,
6 verbose parsed url   slashes: null,
6 verbose parsed url   auth: null,
6 verbose parsed url   host: null,
6 verbose parsed url   port: null,
6 verbose parsed url   hostname: null,
6 verbose parsed url   hash: null,
6 verbose parsed url   search: null,
6 verbose parsed url   query: null,
6 verbose parsed url   pathname: 'eslint@latest',
6 verbose parsed url   path: 'eslint@latest',
6 verbose parsed url   href: 'eslint@latest' }
7 verbose cache add name="eslint" spec="latest" args=["eslint","latest"]
8 verbose parsed url { protocol: null,
8 verbose parsed url   slashes: null,
8 verbose parsed url   auth: null,
8 verbose parsed url   host: null,
8 verbose parsed url   port: null,
8 verbose parsed url   hostname: null,
8 verbose parsed url   hash: null,
8 verbose parsed url   search: null,
8 verbose parsed url   query: null,
8 verbose parsed url   pathname: 'latest',
8 verbose parsed url   path: 'latest',
8 verbose parsed url   href: 'latest' }
9 verbose addNamed [ 'eslint', 'latest' ]
10 verbose addNamed [ null, null ]
11 silly lockFile 67ec7ac0-eslint-latest eslint@latest
12 verbose lock eslint@latest /Users/mathieuf/.npm/67ec7ac0-eslint-latest.lock
13 info addNameTag [ 'eslint', 'latest' ]
14 verbose request where is /eslint
15 verbose request registry https://registry.npmjs.org/
16 verbose request id 1930aa1b10cc7d30
17 verbose url raw /eslint
18 verbose url resolving [ 'https://registry.npmjs.org/', './eslint' ]
19 verbose url resolved https://registry.npmjs.org/eslint
20 verbose request where is https://registry.npmjs.org/eslint
21 info trying registry request attempt 1 at 15:37:46
22 http GET https://registry.npmjs.org/eslint
23 http 200 https://registry.npmjs.org/eslint
24 silly registry.get cb [ 200,
24 silly registry.get   { server: 'CouchDB/1.5.0 (Erlang OTP/R16B03)',
24 silly registry.get     etag: '"CMJ5IAT9QOQ0K8YJUSB51E3D7"',
24 silly registry.get     'content-type': 'application/json',
24 silly registry.get     'cache-control': 'max-age=60',
24 silly registry.get     'content-length': '201817',
24 silly registry.get     'accept-ranges': 'bytes',
24 silly registry.get     date: 'Thu, 12 Nov 2015 14:37:46 GMT',
24 silly registry.get     via: '1.1 varnish',
24 silly registry.get     age: '44',
24 silly registry.get     connection: 'keep-alive',
24 silly registry.get     'x-served-by': 'cache-lhr6334-LHR',
24 silly registry.get     'x-cache': 'HIT',
24 silly registry.get     'x-cache-hits': '3',
24 silly registry.get     'x-timer': 'S1447339066.195415,VS0,VE0',
24 silly registry.get     vary: 'Accept' } ]
25 verbose addNamed [ 'eslint', '1.9.0' ]
26 verbose addNamed [ '1.9.0', '1.9.0' ]
27 silly lockFile 908ac005-eslint-1-9-0 eslint@1.9.0
28 verbose lock eslint@1.9.0 /Users/mathieuf/.npm/908ac005-eslint-1-9-0.lock
29 silly lockFile 588af5f1-pmjs-org-eslint-eslint-1-9-0-tgz https://registry.npmjs.org/eslint/-/eslint-1.9.0.tgz
30 verbose lock https://registry.npmjs.org/eslint/-/eslint-1.9.0.tgz /Users/mathieuf/.npm/588af5f1-pmjs-org-eslint-eslint-1-9-0-tgz.lock
31 verbose addRemoteTarball [ 'https://registry.npmjs.org/eslint/-/eslint-1.9.0.tgz',
31 verbose addRemoteTarball   'a75aaf07e28650772ed0e70daa2ce083079b6514' ]
32 info retry fetch attempt 1 at 15:37:46
33 verbose fetch to= /var/folders/q3/sz_kdgks5yx992y5k2vcdn7m0000gn/T/npm-6584-6ZEIscv3/registry.npmjs.org/eslint/-/eslint-1.9.0.tgz
34 http GET https://registry.npmjs.org/eslint/-/eslint-1.9.0.tgz
35 http 200 https://registry.npmjs.org/eslint/-/eslint-1.9.0.tgz
36 silly lockFile 588af5f1-pmjs-org-eslint-eslint-1-9-0-tgz https://registry.npmjs.org/eslint/-/eslint-1.9.0.tgz
37 silly lockFile 588af5f1-pmjs-org-eslint-eslint-1-9-0-tgz https://registry.npmjs.org/eslint/-/eslint-1.9.0.tgz
38 silly lockFile 908ac005-eslint-1-9-0 eslint@1.9.0
39 silly lockFile 908ac005-eslint-1-9-0 eslint@1.9.0
40 silly lockFile 67ec7ac0-eslint-latest eslint@latest
41 silly lockFile 67ec7ac0-eslint-latest eslint@latest
42 silly resolved [ { name: 'eslint',
42 silly resolved     version: '1.9.0',
42 silly resolved     author:
42 silly resolved      { name: 'Nicholas C. Zakas',
42 silly resolved        email: 'nicholas+npm@nczconsulting.com' },
42 silly resolved     description: 'An AST-based pattern checker for JavaScript.',
42 silly resolved     bin: { eslint: './bin/eslint.js' },
42 silly resolved     main: './lib/api.js',
42 silly resolved     scripts:
42 silly resolved      { test: 'node Makefile.js test',
42 silly resolved        lint: 'node Makefile.js lint',
42 silly resolved        patch: 'node Makefile.js patch',
42 silly resolved        minor: 'node Makefile.js minor',
42 silly resolved        major: 'node Makefile.js major',
42 silly resolved        docs: 'node Makefile.js docs',
42 silly resolved        gensite: 'node Makefile.js gensite',
42 silly resolved        browserify: 'node Makefile.js browserify',
42 silly resolved        perf: 'node Makefile.js perf',
42 silly resolved        profile: 'beefy tests/bench/bench.js --open -- -t brfs -t ./tests/bench/xform-rules.js -r espree',
42 silly resolved        coveralls: 'cat ./coverage/lcov.info | coveralls',
42 silly resolved        'check-commit': 'node Makefile.js checkGitCommit' },
42 silly resolved     files: [ 'LICENSE', 'README.md', 'bin', 'conf', 'lib' ],
42 silly resolved     repository: { type: 'git', url: 'https://github.com/eslint/eslint' },
42 silly resolved     homepage: 'http://eslint.org',
42 silly resolved     bugs: { url: 'https://github.com/eslint/eslint/issues/' },
42 silly resolved     dependencies:
42 silly resolved      { chalk: '^1.0.0',
42 silly resolved        'concat-stream': '^1.4.6',
42 silly resolved        debug: '^2.1.1',
42 silly resolved        doctrine: '^0.7.0',
42 silly resolved        'escape-string-regexp': '^1.0.2',
42 silly resolved        escope: '^3.2.0',
42 silly resolved        espree: '^2.2.4',
42 silly resolved        estraverse: '^4.1.1',
42 silly resolved        'estraverse-fb': '^1.3.1',
42 silly resolved        esutils: '^2.0.2',
42 silly resolved        'file-entry-cache': '^1.1.1',
42 silly resolved        glob: '^5.0.14',
42 silly resolved        globals: '^8.11.0',
42 silly resolved        handlebars: '^4.0.0',
42 silly resolved        inquirer: '^0.11.0',
42 silly resolved        'is-my-json-valid': '^2.10.0',
42 silly resolved        'is-resolvable': '^1.0.0',
42 silly resolved        'js-yaml': '^3.2.5',
42 silly resolved        'json-stable-stringify': '^1.0.0',
42 silly resolved        'lodash.clonedeep': '^3.0.1',
42 silly resolved        'lodash.merge': '^3.3.2',
42 silly resolved        'lodash.omit': '^3.1.0',
42 silly resolved        minimatch: '^3.0.0',
42 silly resolved        mkdirp: '^0.5.0',
42 silly resolved        'object-assign': '^4.0.1',
42 silly resolved        optionator: '^0.6.0',
42 silly resolved        'path-is-absolute': '^1.0.0',
42 silly resolved        'path-is-inside': '^1.0.1',
42 silly resolved        shelljs: '^0.5.3',
42 silly resolved        'strip-json-comments': '~1.0.1',
42 silly resolved        'text-table': '~0.2.0',
42 silly resolved        'to-double-quotes': '^2.0.0',
42 silly resolved        'to-single-quotes': '^2.0.0',
42 silly resolved        'user-home': '^2.0.0',
42 silly resolved        'xml-escape': '~1.0.0' },
42 silly resolved     devDependencies:
42 silly resolved      { beefy: '^1.0.0',
42 silly resolved        brfs: '0.0.9',
42 silly resolved        browserify: '^12.0.1',
42 silly resolved        chai: '^3.4.0',
42 silly resolved        cheerio: '^0.19.0',
42 silly resolved        coveralls: '2.11.4',
42 silly resolved        dateformat: '^1.0.8',
42 silly resolved        ejs: '^2.3.3',
42 silly resolved        esprima: '^2.4.1',
42 silly resolved        'esprima-fb': '^15001.1001.0-dev-harmony-fb',
42 silly resolved        'gh-got': '^2.2.0',
42 silly resolved        istanbul: '^0.4.0',
42 silly resolved        jsdoc: '^3.3.0-beta1',
42 silly resolved        jsonlint: '^1.6.2',
42 silly resolved        leche: '^2.1.1',
42 silly resolved        linefix: '^0.1.1',
42 silly resolved        'load-perf': '^0.2.0',
42 silly resolved        markdownlint: '^0.0.8',
42 silly resolved        mocha: '^2.1.0',
42 silly resolved        'mocha-phantomjs': '4.0.1',
42 silly resolved        'npm-license': '^0.3.1',
42 silly resolved        phantomjs: '1.9.18',
42 silly resolved        proxyquire: '^1.0.0',
42 silly resolved        rewire: '^2.3.4',
42 silly resolved        semver: '^5.0.3',
42 silly resolved        'shelljs-nodecli': '~0.1.0',
42 silly resolved        sinon: '1.17.2',
42 silly resolved        through: '^2.3.6' },
42 silly resolved     keywords: [ 'ast', 'lint', 'javascript', 'ecmascript', 'espree' ],
42 silly resolved     license: 'MIT',
42 silly resolved     engines: { node: '>=0.10' },
42 silly resolved     gitHead: '4a115f5cef5cb3605a3f650519d564b6614f8232',
42 silly resolved     _id: 'eslint@1.9.0',
42 silly resolved     _shasum: 'a75aaf07e28650772ed0e70daa2ce083079b6514',
42 silly resolved     _from: 'eslint@latest',
42 silly resolved     _npmVersion: '1.4.28',
42 silly resolved     _npmUser: { name: 'nzakas', email: 'nicholas@nczconsulting.com' },
42 silly resolved     maintainers: [ [Object], [Object] ],
42 silly resolved     dist:
42 silly resolved      { shasum: 'a75aaf07e28650772ed0e70daa2ce083079b6514',
42 silly resolved        tarball: 'http://registry.npmjs.org/eslint/-/eslint-1.9.0.tgz' },
42 silly resolved     directories: {},
42 silly resolved     _resolved: 'https://registry.npmjs.org/eslint/-/eslint-1.9.0.tgz' } ]
43 info install eslint@1.9.0 into /usr/local/lib
44 info installOne eslint@1.9.0
45 verbose lib/node_modules/eslint unbuild
46 verbose tar unpack /Users/mathieuf/.npm/eslint/1.9.0/package.tgz
47 silly lockFile 8a7fbfa2-sr-local-lib-node-modules-eslint tar:///usr/local/lib/node_modules/eslint
48 verbose lock tar:///usr/local/lib/node_modules/eslint /Users/mathieuf/.npm/8a7fbfa2-sr-local-lib-node-modules-eslint.lock
49 silly lockFile a55773fd-euf-npm-eslint-1-9-0-package-tgz tar:///Users/mathieuf/.npm/eslint/1.9.0/package.tgz
50 verbose lock tar:///Users/mathieuf/.npm/eslint/1.9.0/package.tgz /Users/mathieuf/.npm/a55773fd-euf-npm-eslint-1-9-0-package-tgz.lock
51 silly gunzTarPerm modes [ '755', '644' ]
52 error Error: EACCES, mkdir '/usr/local/lib/node_modules/eslint'
52 error  { [Error: EACCES, mkdir '/usr/local/lib/node_modules/eslint']
52 error   errno: 3,
52 error   code: 'EACCES',
52 error   path: '/usr/local/lib/node_modules/eslint',
52 error   fstream_type: 'Directory',
52 error   fstream_path: '/usr/local/lib/node_modules/eslint',
52 error   fstream_class: 'DirWriter',
52 error   fstream_stack:
52 error    [ '/usr/local/lib/node_modules/npm/node_modules/fstream/lib/dir-writer.js:36:23',
52 error      '/usr/local/lib/node_modules/npm/node_modules/mkdirp/index.js:46:53',
52 error      'Object.oncomplete (fs.js:108:15)' ] }
53 error Please try running this command again as root/Administrator.
54 error System Darwin 15.0.0
55 error command "node" "/usr/local/bin/npm" "install" "-g" "eslint@latest"
56 error cwd /Users/mathieuf/workflow-meup/web/es6-training/meteor
57 error node -v v0.10.36
58 error npm -v 1.4.28
59 error path /usr/local/lib/node_modules/eslint
60 error fstream_path /usr/local/lib/node_modules/eslint
61 error fstream_type Directory
62 error fstream_class DirWriter
63 error code EACCES
64 error errno 3
65 error stack Error: EACCES, mkdir '/usr/local/lib/node_modules/eslint'
66 error fstream_stack /usr/local/lib/node_modules/npm/node_modules/fstream/lib/dir-writer.js:36:23
66 error fstream_stack /usr/local/lib/node_modules/npm/node_modules/mkdirp/index.js:46:53
66 error fstream_stack Object.oncomplete (fs.js:108:15)
67 verbose exit [ 3, true ]
